D:\PROJECTS\CODO_STREAMS\RENDERSAMPLE\RENDERSAMPLE\DEBUG\RENDERSAMPLE.PCH
D:\PROJECTS\CODO_STREAMS\RENDERSAMPLE\RENDERSAMPLE\DEBUG\STDAFX.OBJ
D:\PROJECTS\CODO_STREAMS\RENDERSAMPLE\RENDERSAMPLE\DEBUG\VC110.PDB
D:\PROJECTS\CODO_STREAMS\RENDERSAMPLE\RENDERSAMPLE\DEBUG\RENDER_CORE.OBJ
D:\PROJECTS\CODO_STREAMS\RENDERSAMPLE\RENDERSAMPLE\DEBUG\RENDERSAMPLE.OBJ
D:\PROJECTS\CODO_STREAMS\RENDERSAMPLE\RENDERSAMPLE\DEBUG\SYSTEM_SPECIFIC.OBJ
D:\PROJECTS\CODO_STREAMS\RENDERSAMPLE\RENDERSAMPLE\DEBUG\THREAD.OBJ
D:\PROJECTS\CODO_STREAMS\RENDERSAMPLE\RENDERSAMPLE\DEBUG\WIND_PROC.OBJ
D:\PROJECTS\CODO_STREAMS\RENDERSAMPLE\RENDERSAMPLE\DEBUG\RENDER_BACKEND.OBJ
D:\PROJECTS\CODO_STREAMS\RENDERSAMPLE\RENDERSAMPLE\DEBUG\RENDER_CMDS.OBJ
D:\PROJECTS\CODO_STREAMS\RENDERSAMPLE\DEBUG\RENDERSAMPLE.ILK
D:\PROJECTS\CODO_STREAMS\RENDERSAMPLE\DEBUG\RENDERSAMPLE.EXE
D:\PROJECTS\CODO_STREAMS\RENDERSAMPLE\DEBUG\RENDERSAMPLE.PDB
D:\PROJECTS\CODO_STREAMS\RENDERSAMPLE\RENDERSAMPLE\DEBUG\RENDERSAMPLE.RES
D:\git\renderSample\renderSample\Debug\renderSample.obj
D:\git\renderSample\renderSample\Debug\render_backend.obj
D:\git\renderSample\renderSample\Debug\render_cmds.obj
D:\git\renderSample\renderSample\Debug\render_core.obj
D:\git\renderSample\renderSample\Debug\stdafx.obj
D:\git\renderSample\renderSample\Debug\system_specific.obj
D:\git\renderSample\renderSample\Debug\thread.obj
D:\git\renderSample\renderSample\Debug\wind_proc.obj
D:\git\renderSample\renderSample\Debug\cl.command.1.tlog
D:\git\renderSample\renderSample\Debug\CL.read.1.tlog
D:\git\renderSample\renderSample\Debug\CL.write.1.tlog
D:\git\renderSample\renderSample\Debug\link-cvtres.read.1.tlog
D:\git\renderSample\renderSample\Debug\link-cvtres.write.1.tlog
D:\git\renderSample\renderSample\Debug\link-rc.read.1.tlog
D:\git\renderSample\renderSample\Debug\link-rc.write.1.tlog
D:\git\renderSample\renderSample\Debug\link.12724-cvtres.read.1.tlog
D:\git\renderSample\renderSample\Debug\link.12724-cvtres.write.1.tlog
D:\git\renderSample\renderSample\Debug\link.12724-rc.read.1.tlog
D:\git\renderSample\renderSample\Debug\link.12724-rc.write.1.tlog
D:\git\renderSample\renderSample\Debug\link.12724.read.1.tlog
D:\git\renderSample\renderSample\Debug\link.12724.write.1.tlog
D:\git\renderSample\renderSample\Debug\link.16708-cvtres.read.1.tlog
D:\git\renderSample\renderSample\Debug\link.16708-cvtres.write.1.tlog
D:\git\renderSample\renderSample\Debug\link.16708-rc.read.1.tlog
D:\git\renderSample\renderSample\Debug\link.16708-rc.write.1.tlog
D:\git\renderSample\renderSample\Debug\link.16708.read.1.tlog
D:\git\renderSample\renderSample\Debug\link.16708.write.1.tlog
D:\git\renderSample\renderSample\Debug\link.19340-cvtres.read.1.tlog
D:\git\renderSample\renderSample\Debug\link.19340-cvtres.write.1.tlog
D:\git\renderSample\renderSample\Debug\link.19340-rc.read.1.tlog
D:\git\renderSample\renderSample\Debug\link.19340-rc.write.1.tlog
D:\git\renderSample\renderSample\Debug\link.19340.read.1.tlog
D:\git\renderSample\renderSample\Debug\link.19340.write.1.tlog
D:\git\renderSample\renderSample\Debug\link.2968-cvtres.read.1.tlog
D:\git\renderSample\renderSample\Debug\link.2968-cvtres.write.1.tlog
D:\git\renderSample\renderSample\Debug\link.2968-rc.read.1.tlog
D:\git\renderSample\renderSample\Debug\link.2968-rc.write.1.tlog
D:\git\renderSample\renderSample\Debug\link.2968.read.1.tlog
D:\git\renderSample\renderSample\Debug\link.2968.write.1.tlog
D:\git\renderSample\renderSample\Debug\link.29724-cvtres.read.1.tlog
D:\git\renderSample\renderSample\Debug\link.29724-cvtres.write.1.tlog
D:\git\renderSample\renderSample\Debug\link.29724-rc.read.1.tlog
D:\git\renderSample\renderSample\Debug\link.29724-rc.write.1.tlog
D:\git\renderSample\renderSample\Debug\link.29724.read.1.tlog
D:\git\renderSample\renderSample\Debug\link.29724.write.1.tlog
D:\git\renderSample\renderSample\Debug\link.30480-cvtres.read.1.tlog
D:\git\renderSample\renderSample\Debug\link.30480-cvtres.write.1.tlog
D:\git\renderSample\renderSample\Debug\link.30480-rc.read.1.tlog
D:\git\renderSample\renderSample\Debug\link.30480-rc.write.1.tlog
D:\git\renderSample\renderSample\Debug\link.30480.read.1.tlog
D:\git\renderSample\renderSample\Debug\link.30480.write.1.tlog
D:\git\renderSample\renderSample\Debug\link.5816-cvtres.read.1.tlog
D:\git\renderSample\renderSample\Debug\link.5816-cvtres.write.1.tlog
D:\git\renderSample\renderSample\Debug\link.5816-rc.read.1.tlog
D:\git\renderSample\renderSample\Debug\link.5816-rc.write.1.tlog
D:\git\renderSample\renderSample\Debug\link.5816.read.1.tlog
D:\git\renderSample\renderSample\Debug\link.5816.write.1.tlog
D:\git\renderSample\renderSample\Debug\link.7816-cvtres.read.1.tlog
D:\git\renderSample\renderSample\Debug\link.7816-cvtres.write.1.tlog
D:\git\renderSample\renderSample\Debug\link.7816-rc.read.1.tlog
D:\git\renderSample\renderSample\Debug\link.7816-rc.write.1.tlog
D:\git\renderSample\renderSample\Debug\link.7816.read.1.tlog
D:\git\renderSample\renderSample\Debug\link.7816.write.1.tlog
D:\git\renderSample\renderSample\Debug\link.command.1.tlog
D:\git\renderSample\renderSample\Debug\link.read.1.tlog
D:\git\renderSample\renderSample\Debug\link.write.1.tlog
D:\git\renderSample\renderSample\Debug\rc.command.1.tlog
D:\git\renderSample\renderSample\Debug\rc.read.1.tlog
D:\git\renderSample\renderSample\Debug\rc.write.1.tlog
D:\git\renderSample\renderSample\Debug\renderSample.res
D:\git\renderSample\renderSample\Debug\renderSample.pch
D:\git\renderSample\renderSample\Debug\vc110.idb
D:\git\renderSample\renderSample\Debug\vc110.pdb
D:\git\renderSample\Debug\renderSample.pdb
D:\git\renderSample\Debug\renderSample.exe
D:\git\renderSample\Debug\renderSample.ilk
